# JRE version: OpenJDK Runtime Environment Temurin-17.0.4.1+1 (17.0.4.1+1) (build 17.0.4.1+1)
# Java VM: OpenJDK 64-Bit Server VM Temurin-17.0.4.1+1 (17.0.4.1+1, mixed mode, tiered, compressed oops, compressed class ptrs, parallel gc, windows-amd64)
GC Precious Log:
 CPUs: 12 total, 12 available
 Memory: 7876M
 Large Page Support: Disabled
 NUMA Support: Disabled
 Compressed Oops: Enabled (32-bit)
 Alignments: Space 512K, Generation 512K, Heap 2M
 Heap Min Capacity: 100M
 Heap Initial Capacity: 100M
 Heap Max Capacity: 1G
 Pre-touch: Disabled
 Parallel Workers: 10
Heap:
 PSYoungGen      total 12800K, used 7699K [0x00000000eab00000, 0x00000000eba00000, 0x0000000100000000)
  eden space 10240K, 50% used [0x00000000eab00000,0x00000000eb016a28,0x00000000eb500000)
  from space 2560K, 97% used [0x00000000eb580000,0x00000000eb7ee470,0x00000000eb800000)
  to   space 2048K, 0% used [0x00000000eb800000,0x00000000eb800000,0x00000000eba00000)
 ParOldGen       total 380928K, used 337485K [0x00000000c0000000, 0x00000000d7400000, 0x00000000eab00000)
  object space 380928K, 88% used [0x00000000c0000000,0x00000000d4993740,0x00000000d7400000)
 Metaspace       used 62179K, committed 63168K, reserved 1105920K
  class space    used 6599K, committed 7040K, reserved 1048576K
GC Heap History (20 events):
Event: 26.012 GC heap before
{Heap before GC invocations=174 (full 11):
 PSYoungGen      total 14336K, used 14007K [0x00000000eab00000, 0x00000000ec100000, 0x0000000100000000)
  eden space 10240K, 100% used [0x00000000eab00000,0x00000000eb500000,0x00000000eb500000)
  from space 4096K, 91% used [0x00000000eb780000,0x00000000ebb2dd80,0x00000000ebb80000)
  to   space 4096K, 0% used [0x00000000ebd00000,0x00000000ebd00000,0x00000000ec100000)
 ParOldGen       total 380928K, used 330437K [0x00000000c0000000, 0x00000000d7400000, 0x00000000eab00000)
  object space 380928K, 86% used [0x00000000c0000000,0x00000000d42b1440,0x00000000d7400000)
 Metaspace       used 58408K, committed 59392K, reserved 1105920K
  class space    used 6264K, committed 6720K, reserved 1048576K
}
Event: 26.019 GC heap after
{Heap after GC invocations=174 (full 11):
 PSYoungGen      total 14336K, used 4079K [0x00000000eab00000, 0x00000000ec100000, 0x0000000100000000)
  eden space 10240K, 0% used [0x00000000eab00000,0x00000000eab00000,0x00000000eb500000)
  from space 4096K, 99% used [0x00000000ebd00000,0x00000000ec0fbd38,0x00000000ec100000)
  to   space 5120K, 0% used [0x00000000eb700000,0x00000000eb700000,0x00000000ebc00000)
 ParOldGen       total 380928K, used 331159K [0x00000000c0000000, 0x00000000d7400000, 0x00000000eab00000)
  object space 380928K, 86% used [0x00000000c0000000,0x00000000d4365eb8,0x00000000d7400000)
 Metaspace       used 58408K, committed 59392K, reserved 1105920K
  class space    used 6264K, committed 6720K, reserved 1048576K
}
Event: 26.994 GC heap before
{Heap before GC invocations=175 (full 11):
 PSYoungGen      total 14336K, used 14319K [0x00000000eab00000, 0x00000000ec100000, 0x0000000100000000)
  eden space 10240K, 100% used [0x00000000eab00000,0x00000000eb500000,0x00000000eb500000)
  from space 4096K, 99% used [0x00000000ebd00000,0x00000000ec0fbd38,0x00000000ec100000)
  to   space 5120K, 0% used [0x00000000eb700000,0x00000000eb700000,0x00000000ebc00000)
 ParOldGen       total 380928K, used 331159K [0x00000000c0000000, 0x00000000d7400000, 0x00000000eab00000)
  object space 380928K, 86% used [0x00000000c0000000,0x00000000d4365eb8,0x00000000d7400000)
 Metaspace       used 58496K, committed 59520K, reserved 1105920K
  class space    used 6266K, committed 6720K, reserved 1048576K
}
Event: 27.002 GC heap after
{Heap after GC invocations=175 (full 11):
 PSYoungGen      total 13312K, used 2667K [0x00000000eab00000, 0x00000000ebd80000, 0x0000000100000000)
  eden space 10240K, 0% used [0x00000000eab00000,0x00000000eab00000,0x00000000eb500000)
  from space 3072K, 86% used [0x00000000eb700000,0x00000000eb99aec8,0x00000000eba00000)
  to   space 3584K, 0% used [0x00000000eba00000,0x00000000eba00000,0x00000000ebd80000)
 ParOldGen       total 380928K, used 333419K [0x00000000c0000000, 0x00000000d7400000, 0x00000000eab00000)
  object space 380928K, 87% used [0x00000000c0000000,0x00000000d459ac98,0x00000000d7400000)
 Metaspace       used 58496K, committed 59520K, reserved 1105920K
  class space    used 6266K, committed 6720K, reserved 1048576K
}
Event: 28.293 GC heap before
{Heap before GC invocations=176 (full 11):
 PSYoungGen      total 13312K, used 12907K [0x00000000eab00000, 0x00000000ebd80000, 0x0000000100000000)
  eden space 10240K, 100% used [0x00000000eab00000,0x00000000eb500000,0x00000000eb500000)
  from space 3072K, 86% used [0x00000000eb700000,0x00000000eb99aec8,0x00000000eba00000)
  to   space 3584K, 0% used [0x00000000eba00000,0x00000000eba00000,0x00000000ebd80000)
 ParOldGen       total 380928K, used 333419K [0x00000000c0000000, 0x00000000d7400000, 0x00000000eab00000)
  object space 380928K, 87% used [0x00000000c0000000,0x00000000d459ac98,0x00000000d7400000)
 Metaspace       used 58642K, committed 59648K, reserved 1105920K
  class space    used 6267K, committed 6720K, reserved 1048576K
}
Event: 28.296 GC heap after
{Heap after GC invocations=176 (full 11):
 PSYoungGen      total 13824K, used 3198K [0x00000000eab00000, 0x00000000ebd80000, 0x0000000100000000)
  eden space 10240K, 0% used [0x00000000eab00000,0x00000000eab00000,0x00000000eb500000)
  from space 3584K, 89% used [0x00000000eba00000,0x00000000ebd1f948,0x00000000ebd80000)
  to   space 3584K, 0% used [0x00000000eb680000,0x00000000eb680000,0x00000000eba00000)
 ParOldGen       total 380928K, used 333427K [0x00000000c0000000, 0x00000000d7400000, 0x00000000eab00000)
  object space 380928K, 87% used [0x00000000c0000000,0x00000000d459cc98,0x00000000d7400000)
 Metaspace       used 58642K, committed 59648K, reserved 1105920K
  class space    used 6267K, committed 6720K, reserved 1048576K
}
Event: 29.832 GC heap before
{Heap before GC invocations=177 (full 11):
 PSYoungGen      total 13824K, used 13438K [0x00000000eab00000, 0x00000000ebd80000, 0x0000000100000000)
  eden space 10240K, 100% used [0x00000000eab00000,0x00000000eb500000,0x00000000eb500000)
  from space 3584K, 89% used [0x00000000eba00000,0x00000000ebd1f948,0x00000000ebd80000)
  to   space 3584K, 0% used [0x00000000eb680000,0x00000000eb680000,0x00000000eba00000)
 ParOldGen       total 380928K, used 333427K [0x00000000c0000000, 0x00000000d7400000, 0x00000000eab00000)
  object space 380928K, 87% used [0x00000000c0000000,0x00000000d459cc98,0x00000000d7400000)
 Metaspace       used 58690K, committed 59712K, reserved 1105920K
  class space    used 6267K, committed 6720K, reserved 1048576K
}
Event: 29.836 GC heap after
{Heap after GC invocations=177 (full 11):
 PSYoungGen      total 13824K, used 3563K [0x00000000eab00000, 0x00000000ebe00000, 0x0000000100000000)
  eden space 10240K, 0% used [0x00000000eab00000,0x00000000eab00000,0x00000000eb500000)
  from space 3584K, 99% used [0x00000000eb680000,0x00000000eb9faf40,0x00000000eba00000)
  to   space 4096K, 0% used [0x00000000eba00000,0x00000000eba00000,0x00000000ebe00000)
 ParOldGen       total 380928K, used 334107K [0x00000000c0000000, 0x00000000d7400000, 0x00000000eab00000)
  object space 380928K, 87% used [0x00000000c0000000,0x00000000d4646ca8,0x00000000d7400000)
 Metaspace       used 58690K, committed 59712K, reserved 1105920K
  class space    used 6267K, committed 6720K, reserved 1048576K
}
Event: 31.413 GC heap before
{Heap before GC invocations=178 (full 11):
 PSYoungGen      total 13824K, used 13803K [0x00000000eab00000, 0x00000000ebe00000, 0x0000000100000000)
  eden space 10240K, 100% used [0x00000000eab00000,0x00000000eb500000,0x00000000eb500000)
  from space 3584K, 99% used [0x00000000eb680000,0x00000000eb9faf40,0x00000000eba00000)
  to   space 4096K, 0% used [0x00000000eba00000,0x00000000eba00000,0x00000000ebe00000)
 ParOldGen       total 380928K, used 334107K [0x00000000c0000000, 0x00000000d7400000, 0x00000000eab00000)
  object space 380928K, 87% used [0x00000000c0000000,0x00000000d4646ca8,0x00000000d7400000)
 Metaspace       used 58830K, committed 59904K, reserved 1105920K
  class space    used 6269K, committed 6720K, reserved 1048576K
}
Event: 31.418 GC heap after
{Heap after GC invocations=178 (full 11):
 PSYoungGen      total 13312K, used 2976K [0x00000000eab00000, 0x00000000ebd00000, 0x0000000100000000)
  eden space 10240K, 0% used [0x00000000eab00000,0x00000000eab00000,0x00000000eb500000)
  from space 3072K, 96% used [0x00000000eba00000,0x00000000ebce8000,0x00000000ebd00000)
  to   space 3584K, 0% used [0x00000000eb600000,0x00000000eb600000,0x00000000eb980000)
 ParOldGen       total 380928K, used 335373K [0x00000000c0000000, 0x00000000d7400000, 0x00000000eab00000)
  object space 380928K, 88% used [0x00000000c0000000,0x00000000d4783740,0x00000000d7400000)
 Metaspace       used 58830K, committed 59904K, reserved 1105920K
  class space    used 6269K, committed 6720K, reserved 1048576K
}
Event: 32.146 GC heap before
{Heap before GC invocations=179 (full 11):
 PSYoungGen      total 13312K, used 13216K [0x00000000eab00000, 0x00000000ebd00000, 0x0000000100000000)
  eden space 10240K, 100% used [0x00000000eab00000,0x00000000eb500000,0x00000000eb500000)
  from space 3072K, 96% used [0x00000000eba00000,0x00000000ebce8000,0x00000000ebd00000)
  to   space 3584K, 0% used [0x00000000eb600000,0x00000000eb600000,0x00000000eb980000)
 ParOldGen       total 380928K, used 335373K [0x00000000c0000000, 0x00000000d7400000, 0x00000000eab00000)
  object space 380928K, 88% used [0x00000000c0000000,0x00000000d4783740,0x00000000d7400000)
 Metaspace       used 59374K, committed 60352K, reserved 1105920K
  class space    used 6321K, committed 6720K, reserved 1048576K
}
Event: 32.150 GC heap after
{Heap after GC invocations=179 (full 11):
 PSYoungGen      total 13824K, used 3456K [0x00000000eab00000, 0x00000000ebc00000, 0x0000000100000000)
  eden space 10240K, 0% used [0x00000000eab00000,0x00000000eab00000,0x00000000eb500000)
  from space 3584K, 96% used [0x00000000eb600000,0x00000000eb960000,0x00000000eb980000)
  to   space 2560K, 0% used [0x00000000eb980000,0x00000000eb980000,0x00000000ebc00000)
 ParOldGen       total 380928K, used 335381K [0x00000000c0000000, 0x00000000d7400000, 0x00000000eab00000)
  object space 380928K, 88% used [0x00000000c0000000,0x00000000d4785740,0x00000000d7400000)
 Metaspace       used 59374K, committed 60352K, reserved 1105920K
  class space    used 6321K, committed 6720K, reserved 1048576K
}
Event: 33.318 GC heap before
{Heap before GC invocations=180 (full 11):
 PSYoungGen      total 13824K, used 13696K [0x00000000eab00000, 0x00000000ebc00000, 0x0000000100000000)
  eden space 10240K, 100% used [0x00000000eab00000,0x00000000eb500000,0x00000000eb500000)
  from space 3584K, 96% used [0x00000000eb600000,0x00000000eb960000,0x00000000eb980000)
  to   space 2560K, 0% used [0x00000000eb980000,0x00000000eb980000,0x00000000ebc00000)
 ParOldGen       total 380928K, used 335381K [0x00000000c0000000, 0x00000000d7400000, 0x00000000eab00000)
  object space 380928K, 88% used [0x00000000c0000000,0x00000000d4785740,0x00000000d7400000)
 Metaspace       used 59803K, committed 60864K, reserved 1105920K
  class space    used 6362K, committed 6784K, reserved 1048576K
}
Event: 33.322 GC heap after
{Heap after GC invocations=180 (full 11):
 PSYoungGen      total 12800K, used 2553K [0x00000000eab00000, 0x00000000ebd00000, 0x0000000100000000)
  eden space 10240K, 0% used [0x00000000eab00000,0x00000000eab00000,0x00000000eb500000)
  from space 2560K, 99% used [0x00000000eb980000,0x00000000ebbfe470,0x00000000ebc00000)
  to   space 4096K, 0% used [0x00000000eb500000,0x00000000eb500000,0x00000000eb900000)
 ParOldGen       total 380928K, used 336581K [0x00000000c0000000, 0x00000000d7400000, 0x00000000eab00000)
  object space 380928K, 88% used [0x00000000c0000000,0x00000000d48b1740,0x00000000d7400000)
 Metaspace       used 59803K, committed 60864K, reserved 1105920K
  class space    used 6362K, committed 6784K, reserved 1048576K
}
Event: 34.220 GC heap before
{Heap before GC invocations=181 (full 11):
 PSYoungGen      total 12800K, used 12793K [0x00000000eab00000, 0x00000000ebd00000, 0x0000000100000000)
  eden space 10240K, 100% used [0x00000000eab00000,0x00000000eb500000,0x00000000eb500000)
  from space 2560K, 99% used [0x00000000eb980000,0x00000000ebbfe470,0x00000000ebc00000)
  to   space 4096K, 0% used [0x00000000eb500000,0x00000000eb500000,0x00000000eb900000)
 ParOldGen       total 380928K, used 336581K [0x00000000c0000000, 0x00000000d7400000, 0x00000000eab00000)
  object space 380928K, 88% used [0x00000000c0000000,0x00000000d48b1740,0x00000000d7400000)
 Metaspace       used 60352K, committed 61376K, reserved 1105920K
  class space    used 6450K, committed 6912K, reserved 1048576K
}
Event: 34.230 GC heap after
{Heap after GC invocations=181 (full 11):
 PSYoungGen      total 12288K, used 2009K [0x00000000eab00000, 0x00000000ebb00000, 0x0000000100000000)
  eden space 10240K, 0% used [0x00000000eab00000,0x00000000eab00000,0x00000000eb500000)
  from space 2048K, 98% used [0x00000000eb500000,0x00000000eb6f6470,0x00000000eb700000)
  to   space 3072K, 0% used [0x00000000eb800000,0x00000000eb800000,0x00000000ebb00000)
 ParOldGen       total 380928K, used 337477K [0x00000000c0000000, 0x00000000d7400000, 0x00000000eab00000)
  object space 380928K, 88% used [0x00000000c0000000,0x00000000d4991740,0x00000000d7400000)
 Metaspace       used 60352K, committed 61376K, reserved 1105920K
  class space    used 6450K, committed 6912K, reserved 1048576K
}
Event: 34.765 GC heap before
{Heap before GC invocations=182 (full 11):
 PSYoungGen      total 12288K, used 12249K [0x00000000eab00000, 0x00000000ebb00000, 0x0000000100000000)
  eden space 10240K, 100% used [0x00000000eab00000,0x00000000eb500000,0x00000000eb500000)
  from space 2048K, 98% used [0x00000000eb500000,0x00000000eb6f6470,0x00000000eb700000)
  to   space 3072K, 0% used [0x00000000eb800000,0x00000000eb800000,0x00000000ebb00000)
 ParOldGen       total 380928K, used 337477K [0x00000000c0000000, 0x00000000d7400000, 0x00000000eab00000)
  object space 380928K, 88% used [0x00000000c0000000,0x00000000d4991740,0x00000000d7400000)
 Metaspace       used 60918K, committed 61888K, reserved 1105920K
  class space    used 6511K, committed 6912K, reserved 1048576K
}
Event: 34.774 GC heap after
{Heap after GC invocations=182 (full 11):
 PSYoungGen      total 12800K, used 2169K [0x00000000eab00000, 0x00000000eba80000, 0x0000000100000000)
  eden space 10240K, 0% used [0x00000000eab00000,0x00000000eab00000,0x00000000eb500000)
  from space 2560K, 84% used [0x00000000eb800000,0x00000000eba1e470,0x00000000eba80000)
  to   space 2560K, 0% used [0x00000000eb580000,0x00000000eb580000,0x00000000eb800000)
 ParOldGen       total 380928K, used 337477K [0x00000000c0000000, 0x00000000d7400000, 0x00000000eab00000)
  object space 380928K, 88% used [0x00000000c0000000,0x00000000d4991740,0x00000000d7400000)
 Metaspace       used 60918K, committed 61888K, reserved 1105920K
  class space    used 6511K, committed 6912K, reserved 1048576K
}
Event: 35.076 GC heap before
{Heap before GC invocations=183 (full 11):
 PSYoungGen      total 12800K, used 12408K [0x00000000eab00000, 0x00000000eba80000, 0x0000000100000000)
  eden space 10240K, 99% used [0x00000000eab00000,0x00000000eb4fff68,0x00000000eb500000)
  from space 2560K, 84% used [0x00000000eb800000,0x00000000eba1e470,0x00000000eba80000)
  to   space 2560K, 0% used [0x00000000eb580000,0x00000000eb580000,0x00000000eb800000)
 ParOldGen       total 380928K, used 337477K [0x00000000c0000000, 0x00000000d7400000, 0x00000000eab00000)
  object space 380928K, 88% used [0x00000000c0000000,0x00000000d4991740,0x00000000d7400000)
 Metaspace       used 61338K, committed 62336K, reserved 1105920K
  class space    used 6543K, committed 6976K, reserved 1048576K
}
Event: 35.083 GC heap after
{Heap after GC invocations=183 (full 11):
 PSYoungGen      total 12800K, used 2489K [0x00000000eab00000, 0x00000000eba00000, 0x0000000100000000)
  eden space 10240K, 0% used [0x00000000eab00000,0x00000000eab00000,0x00000000eb500000)
  from space 2560K, 97% used [0x00000000eb580000,0x00000000eb7ee470,0x00000000eb800000)
  to   space 2048K, 0% used [0x00000000eb800000,0x00000000eb800000,0x00000000eba00000)
 ParOldGen       total 380928K, used 337485K [0x00000000c0000000, 0x00000000d7400000, 0x00000000eab00000)
  object space 380928K, 88% used [0x00000000c0000000,0x00000000d4993740,0x00000000d7400000)
 Metaspace       used 61338K, committed 62336K, reserved 1105920K
  class space    used 6543K, committed 6976K, reserved 1048576K
}

