# JRE version: OpenJDK Runtime Environment Temurin-17.0.4.1+1 (17.0.4.1+1) (build 17.0.4.1+1)
# Java VM: OpenJDK 64-Bit Server VM Temurin-17.0.4.1+1 (17.0.4.1+1, mixed mode, tiered, compressed oops, compressed class ptrs, parallel gc, windows-amd64)
GC Precious Log:
 CPUs: 12 total, 12 available
 Memory: 7876M
 Large Page Support: Disabled
 NUMA Support: Disabled
 Compressed Oops: Enabled (32-bit)
 Alignments: Space 512K, Generation 512K, Heap 2M
 Heap Min Capacity: 100M
 Heap Initial Capacity: 100M
 Heap Max Capacity: 1G
 Pre-touch: Disabled
 Parallel Workers: 10
Heap:
 PSYoungGen      total 8704K, used 5409K [0x00000000eab00000, 0x00000000ebb00000, 0x0000000100000000)
  eden space 3072K, 5% used [0x00000000eab00000,0x00000000eab272e8,0x00000000eae00000)
  from space 5632K, 93% used [0x00000000eae00000,0x00000000eb325ff0,0x00000000eb380000)
  to   space 6656K, 0% used [0x00000000eb480000,0x00000000eb480000,0x00000000ebb00000)
 ParOldGen       total 699392K, used 322179K [0x00000000c0000000, 0x00000000eab00000, 0x00000000eab00000)
  object space 699392K, 46% used [0x00000000c0000000,0x00000000d3aa0e88,0x00000000eab00000)
 Metaspace       used 50255K, committed 51136K, reserved 1097728K
  class space    used 5312K, committed 5696K, reserved 1048576K
GC Heap History (20 events):
Event: 46.981 GC heap before
{Heap before GC invocations=264 (full 115):
 PSYoungGen      total 5120K, used 5099K [0x00000000eab00000, 0x00000000eb500000, 0x0000000100000000)
  eden space 1536K, 99% used [0x00000000eab00000,0x00000000eac7fff8,0x00000000eac80000)
  from space 3584K, 99% used [0x00000000eac80000,0x00000000eaffad20,0x00000000eb000000)
  to   space 4096K, 0% used [0x00000000eb100000,0x00000000eb100000,0x00000000eb500000)
 ParOldGen       total 699392K, used 303626K [0x00000000c0000000, 0x00000000eab00000, 0x00000000eab00000)
  object space 699392K, 43% used [0x00000000c0000000,0x00000000d2882ac8,0x00000000eab00000)
 Metaspace       used 50070K, committed 50944K, reserved 1097728K
  class space    used 5293K, committed 5696K, reserved 1048576K
}
Event: 46.987 GC heap after
{Heap after GC invocations=264 (full 115):
 PSYoungGen      total 4608K, used 4079K [0x00000000eab00000, 0x00000000eb800000, 0x0000000100000000)
  eden space 512K, 0% used [0x00000000eab00000,0x00000000eab00000,0x00000000eab80000)
  from space 4096K, 99% used [0x00000000eb100000,0x00000000eb4fbcf0,0x00000000eb500000)
  to   space 5632K, 0% used [0x00000000eab80000,0x00000000eab80000,0x00000000eb100000)
 ParOldGen       total 699392K, used 304610K [0x00000000c0000000, 0x00000000eab00000, 0x00000000eab00000)
  object space 699392K, 43% used [0x00000000c0000000,0x00000000d2978ac8,0x00000000eab00000)
 Metaspace       used 50070K, committed 50944K, reserved 1097728K
  class space    used 5293K, committed 5696K, reserved 1048576K
}
Event: 47.056 GC heap before
{Heap before GC invocations=265 (full 115):
 PSYoungGen      total 4608K, used 4591K [0x00000000eab00000, 0x00000000eb800000, 0x0000000100000000)
  eden space 512K, 100% used [0x00000000eab00000,0x00000000eab80000,0x00000000eab80000)
  from space 4096K, 99% used [0x00000000eb100000,0x00000000eb4fbcf0,0x00000000eb500000)
  to   space 5632K, 0% used [0x00000000eab80000,0x00000000eab80000,0x00000000eb100000)
 ParOldGen       total 699392K, used 307298K [0x00000000c0000000, 0x00000000eab00000, 0x00000000eab00000)
  object space 699392K, 43% used [0x00000000c0000000,0x00000000d2c18ac8,0x00000000eab00000)
 Metaspace       used 50070K, committed 50944K, reserved 1097728K
  class space    used 5293K, committed 5696K, reserved 1048576K
}
Event: 47.062 GC heap after
{Heap after GC invocations=265 (full 115):
 PSYoungGen      total 4608K, used 3739K [0x00000000eab00000, 0x00000000eb500000, 0x0000000100000000)
  eden space 512K, 0% used [0x00000000eab00000,0x00000000eab00000,0x00000000eab80000)
  from space 4096K, 91% used [0x00000000eab80000,0x00000000eaf26e60,0x00000000eaf80000)
  to   space 4608K, 0% used [0x00000000eb080000,0x00000000eb080000,0x00000000eb500000)
 ParOldGen       total 699392K, used 309002K [0x00000000c0000000, 0x00000000eab00000, 0x00000000eab00000)
  object space 699392K, 44% used [0x00000000c0000000,0x00000000d2dc2958,0x00000000eab00000)
 Metaspace       used 50070K, committed 50944K, reserved 1097728K
  class space    used 5293K, committed 5696K, reserved 1048576K
}
Event: 47.075 GC heap before
{Heap before GC invocations=266 (full 115):
 PSYoungGen      total 4608K, used 4251K [0x00000000eab00000, 0x00000000eb500000, 0x0000000100000000)
  eden space 512K, 100% used [0x00000000eab00000,0x00000000eab80000,0x00000000eab80000)
  from space 4096K, 91% used [0x00000000eab80000,0x00000000eaf26e60,0x00000000eaf80000)
  to   space 4608K, 0% used [0x00000000eb080000,0x00000000eb080000,0x00000000eb500000)
 ParOldGen       total 699392K, used 309002K [0x00000000c0000000, 0x00000000eab00000, 0x00000000eab00000)
  object space 699392K, 44% used [0x00000000c0000000,0x00000000d2dc2958,0x00000000eab00000)
 Metaspace       used 50070K, committed 50944K, reserved 1097728K
  class space    used 5293K, committed 5696K, reserved 1048576K
}
Event: 47.080 GC heap after
{Heap after GC invocations=266 (full 115):
 PSYoungGen      total 5632K, used 4267K [0x00000000eab00000, 0x00000000eb500000, 0x0000000100000000)
  eden space 1024K, 0% used [0x00000000eab00000,0x00000000eab00000,0x00000000eac00000)
  from space 4608K, 92% used [0x00000000eb080000,0x00000000eb4aad78,0x00000000eb500000)
  to   space 4608K, 0% used [0x00000000eac00000,0x00000000eac00000,0x00000000eb080000)
 ParOldGen       total 699392K, used 309002K [0x00000000c0000000, 0x00000000eab00000, 0x00000000eab00000)
  object space 699392K, 44% used [0x00000000c0000000,0x00000000d2dc2958,0x00000000eab00000)
 Metaspace       used 50070K, committed 50944K, reserved 1097728K
  class space    used 5293K, committed 5696K, reserved 1048576K
}
Event: 47.113 GC heap before
{Heap before GC invocations=267 (full 115):
 PSYoungGen      total 5632K, used 5291K [0x00000000eab00000, 0x00000000eb500000, 0x0000000100000000)
  eden space 1024K, 100% used [0x00000000eab00000,0x00000000eac00000,0x00000000eac00000)
  from space 4608K, 92% used [0x00000000eb080000,0x00000000eb4aad78,0x00000000eb500000)
  to   space 4608K, 0% used [0x00000000eac00000,0x00000000eac00000,0x00000000eb080000)
 ParOldGen       total 699392K, used 309002K [0x00000000c0000000, 0x00000000eab00000, 0x00000000eab00000)
  object space 699392K, 44% used [0x00000000c0000000,0x00000000d2dc2958,0x00000000eab00000)
 Metaspace       used 50070K, committed 50944K, reserved 1097728K
  class space    used 5293K, committed 5696K, reserved 1048576K
}
Event: 47.122 GC heap after
{Heap after GC invocations=267 (full 115):
 PSYoungGen      total 5632K, used 4583K [0x00000000eab00000, 0x00000000eb780000, 0x0000000100000000)
  eden space 1024K, 0% used [0x00000000eab00000,0x00000000eab00000,0x00000000eac00000)
  from space 4608K, 99% used [0x00000000eac00000,0x00000000eb079cc0,0x00000000eb080000)
  to   space 5632K, 0% used [0x00000000eb200000,0x00000000eb200000,0x00000000eb780000)
 ParOldGen       total 699392K, used 309466K [0x00000000c0000000, 0x00000000eab00000, 0x00000000eab00000)
  object space 699392K, 44% used [0x00000000c0000000,0x00000000d2e36958,0x00000000eab00000)
 Metaspace       used 50070K, committed 50944K, reserved 1097728K
  class space    used 5293K, committed 5696K, reserved 1048576K
}
Event: 47.149 GC heap before
{Heap before GC invocations=268 (full 115):
 PSYoungGen      total 5632K, used 5607K [0x00000000eab00000, 0x00000000eb780000, 0x0000000100000000)
  eden space 1024K, 100% used [0x00000000eab00000,0x00000000eac00000,0x00000000eac00000)
  from space 4608K, 99% used [0x00000000eac00000,0x00000000eb079cc0,0x00000000eb080000)
  to   space 5632K, 0% used [0x00000000eb200000,0x00000000eb200000,0x00000000eb780000)
 ParOldGen       total 699392K, used 309466K [0x00000000c0000000, 0x00000000eab00000, 0x00000000eab00000)
  object space 699392K, 44% used [0x00000000c0000000,0x00000000d2e36958,0x00000000eab00000)
 Metaspace       used 50070K, committed 50944K, reserved 1097728K
  class space    used 5293K, committed 5696K, reserved 1048576K
}
Event: 47.157 GC heap after
{Heap after GC invocations=268 (full 115):
 PSYoungGen      total 5632K, used 3743K [0x00000000eab00000, 0x00000000eb600000, 0x0000000100000000)
  eden space 1536K, 0% used [0x00000000eab00000,0x00000000eab00000,0x00000000eac80000)
  from space 4096K, 91% used [0x00000000eb200000,0x00000000eb5a7d70,0x00000000eb600000)
  to   space 4608K, 0% used [0x00000000ead00000,0x00000000ead00000,0x00000000eb180000)
 ParOldGen       total 699392K, used 311472K [0x00000000c0000000, 0x00000000eab00000, 0x00000000eab00000)
  object space 699392K, 44% used [0x00000000c0000000,0x00000000d302c248,0x00000000eab00000)
 Metaspace       used 50070K, committed 50944K, reserved 1097728K
  class space    used 5293K, committed 5696K, reserved 1048576K
}
Event: 47.199 GC heap before
{Heap before GC invocations=269 (full 115):
 PSYoungGen      total 5632K, used 5279K [0x00000000eab00000, 0x00000000eb600000, 0x0000000100000000)
  eden space 1536K, 100% used [0x00000000eab00000,0x00000000eac80000,0x00000000eac80000)
  from space 4096K, 91% used [0x00000000eb200000,0x00000000eb5a7d70,0x00000000eb600000)
  to   space 4608K, 0% used [0x00000000ead00000,0x00000000ead00000,0x00000000eb180000)
 ParOldGen       total 699392K, used 311472K [0x00000000c0000000, 0x00000000eab00000, 0x00000000eab00000)
  object space 699392K, 44% used [0x00000000c0000000,0x00000000d302c248,0x00000000eab00000)
 Metaspace       used 50070K, committed 50944K, reserved 1097728K
  class space    used 5293K, committed 5696K, reserved 1048576K
}
Event: 47.206 GC heap after
{Heap after GC invocations=269 (full 115):
 PSYoungGen      total 6656K, used 4594K [0x00000000eab00000, 0x00000000eb800000, 0x0000000100000000)
  eden space 2048K, 0% used [0x00000000eab00000,0x00000000eab00000,0x00000000ead00000)
  from space 4608K, 99% used [0x00000000ead00000,0x00000000eb17cb20,0x00000000eb180000)
  to   space 5632K, 0% used [0x00000000eb280000,0x00000000eb280000,0x00000000eb800000)
 ParOldGen       total 699392K, used 312016K [0x00000000c0000000, 0x00000000eab00000, 0x00000000eab00000)
  object space 699392K, 44% used [0x00000000c0000000,0x00000000d30b4248,0x00000000eab00000)
 Metaspace       used 50070K, committed 50944K, reserved 1097728K
  class space    used 5293K, committed 5696K, reserved 1048576K
}
Event: 47.239 GC heap before
{Heap before GC invocations=270 (full 115):
 PSYoungGen      total 6656K, used 6642K [0x00000000eab00000, 0x00000000eb800000, 0x0000000100000000)
  eden space 2048K, 100% used [0x00000000eab00000,0x00000000ead00000,0x00000000ead00000)
  from space 4608K, 99% used [0x00000000ead00000,0x00000000eb17cb20,0x00000000eb180000)
  to   space 5632K, 0% used [0x00000000eb280000,0x00000000eb280000,0x00000000eb800000)
 ParOldGen       total 699392K, used 312016K [0x00000000c0000000, 0x00000000eab00000, 0x00000000eab00000)
  object space 699392K, 44% used [0x00000000c0000000,0x00000000d30b4248,0x00000000eab00000)
 Metaspace       used 50070K, committed 50944K, reserved 1097728K
  class space    used 5293K, committed 5696K, reserved 1048576K
}
Event: 47.246 GC heap after
{Heap after GC invocations=270 (full 115):
 PSYoungGen      total 7680K, used 5490K [0x00000000eab00000, 0x00000000eb880000, 0x0000000100000000)
  eden space 2048K, 0% used [0x00000000eab00000,0x00000000eab00000,0x00000000ead00000)
  from space 5632K, 97% used [0x00000000eb280000,0x00000000eb7dca60,0x00000000eb800000)
  to   space 5632K, 0% used [0x00000000ead00000,0x00000000ead00000,0x00000000eb280000)
 ParOldGen       total 699392K, used 313411K [0x00000000c0000000, 0x00000000eab00000, 0x00000000eab00000)
  object space 699392K, 44% used [0x00000000c0000000,0x00000000d3210ce8,0x00000000eab00000)
 Metaspace       used 50070K, committed 50944K, reserved 1097728K
  class space    used 5293K, committed 5696K, reserved 1048576K
}
Event: 47.306 GC heap before
{Heap before GC invocations=271 (full 115):
 PSYoungGen      total 7680K, used 7538K [0x00000000eab00000, 0x00000000eb880000, 0x0000000100000000)
  eden space 2048K, 100% used [0x00000000eab00000,0x00000000ead00000,0x00000000ead00000)
  from space 5632K, 97% used [0x00000000eb280000,0x00000000eb7dca60,0x00000000eb800000)
  to   space 5632K, 0% used [0x00000000ead00000,0x00000000ead00000,0x00000000eb280000)
 ParOldGen       total 699392K, used 313411K [0x00000000c0000000, 0x00000000eab00000, 0x00000000eab00000)
  object space 699392K, 44% used [0x00000000c0000000,0x00000000d3210ce8,0x00000000eab00000)
 Metaspace       used 50070K, committed 50944K, reserved 1097728K
  class space    used 5293K, committed 5696K, reserved 1048576K
}
Event: 47.314 GC heap after
{Heap after GC invocations=271 (full 115):
 PSYoungGen      total 7680K, used 5614K [0x00000000eab00000, 0x00000000ebd80000, 0x0000000100000000)
  eden space 2048K, 0% used [0x00000000eab00000,0x00000000eab00000,0x00000000ead00000)
  from space 5632K, 99% used [0x00000000ead00000,0x00000000eb27b9a8,0x00000000eb280000)
  to   space 8192K, 0% used [0x00000000eb580000,0x00000000eb580000,0x00000000ebd80000)
 ParOldGen       total 699392K, used 315139K [0x00000000c0000000, 0x00000000eab00000, 0x00000000eab00000)
  object space 699392K, 45% used [0x00000000c0000000,0x00000000d33c0ce8,0x00000000eab00000)
 Metaspace       used 50070K, committed 50944K, reserved 1097728K
  class space    used 5293K, committed 5696K, reserved 1048576K
}
Event: 47.364 GC heap before
{Heap before GC invocations=272 (full 115):
 PSYoungGen      total 7680K, used 7316K [0x00000000eab00000, 0x00000000ebd80000, 0x0000000100000000)
  eden space 2048K, 83% used [0x00000000eab00000,0x00000000eaca9808,0x00000000ead00000)
  from space 5632K, 99% used [0x00000000ead00000,0x00000000eb27b9a8,0x00000000eb280000)
  to   space 8192K, 0% used [0x00000000eb580000,0x00000000eb580000,0x00000000ebd80000)
 ParOldGen       total 699392K, used 315139K [0x00000000c0000000, 0x00000000eab00000, 0x00000000eab00000)
  object space 699392K, 45% used [0x00000000c0000000,0x00000000d33c0ce8,0x00000000eab00000)
 Metaspace       used 50070K, committed 50944K, reserved 1097728K
  class space    used 5293K, committed 5696K, reserved 1048576K
}
Event: 47.372 GC heap after
{Heap after GC invocations=272 (full 115):
 PSYoungGen      total 9216K, used 6418K [0x00000000eab00000, 0x00000000ebc00000, 0x0000000100000000)
  eden space 2560K, 0% used [0x00000000eab00000,0x00000000eab00000,0x00000000ead80000)
  from space 6656K, 96% used [0x00000000eb580000,0x00000000ebbc4868,0x00000000ebc00000)
  to   space 7168K, 0% used [0x00000000eae00000,0x00000000eae00000,0x00000000eb500000)
 ParOldGen       total 699392K, used 316233K [0x00000000c0000000, 0x00000000eab00000, 0x00000000eab00000)
  object space 699392K, 45% used [0x00000000c0000000,0x00000000d34d2588,0x00000000eab00000)
 Metaspace       used 50070K, committed 50944K, reserved 1097728K
  class space    used 5293K, committed 5696K, reserved 1048576K
}
Event: 47.409 GC heap before
{Heap before GC invocations=273 (full 115):
 PSYoungGen      total 9216K, used 8978K [0x00000000eab00000, 0x00000000ebc00000, 0x0000000100000000)
  eden space 2560K, 100% used [0x00000000eab00000,0x00000000ead80000,0x00000000ead80000)
  from space 6656K, 96% used [0x00000000eb580000,0x00000000ebbc4868,0x00000000ebc00000)
  to   space 7168K, 0% used [0x00000000eae00000,0x00000000eae00000,0x00000000eb500000)
 ParOldGen       total 699392K, used 316233K [0x00000000c0000000, 0x00000000eab00000, 0x00000000eab00000)
  object space 699392K, 45% used [0x00000000c0000000,0x00000000d34d2588,0x00000000eab00000)
 Metaspace       used 50084K, committed 50944K, reserved 1097728K
  class space    used 5297K, committed 5696K, reserved 1048576K
}
Event: 47.418 GC heap after
{Heap after GC invocations=273 (full 115):
 PSYoungGen      total 9728K, used 7165K [0x00000000eab00000, 0x00000000ebc00000, 0x0000000100000000)
  eden space 2560K, 0% used [0x00000000eab00000,0x00000000eab00000,0x00000000ead80000)
  from space 7168K, 99% used [0x00000000eae00000,0x00000000eb4ff6f0,0x00000000eb500000)
  to   space 6656K, 0% used [0x00000000eb580000,0x00000000eb580000,0x00000000ebc00000)
 ParOldGen       total 699392K, used 317633K [0x00000000c0000000, 0x00000000eab00000, 0x00000000eab00000)
  object space 699392K, 45% used [0x00000000c0000000,0x00000000d3630550,0x00000000eab00000)
 Metaspace       used 50084K, committed 50944K, reserved 1097728K
  class space    used 5297K, committed 5696K, reserved 1048576K
}

